<?xml version="1.0" encoding="UTF-8"?>
<testng-results ignored="0" total="2" passed="2" failed="0" skipped="0">
  <reporter-output>
  </reporter-output>
  <suite started-at="2026-02-01T22:43:57 IST" name="GridSuite" finished-at="2026-02-01T22:44:16 IST" duration-ms="18786">
    <groups>
    </groups>
    <test started-at="2026-02-01T22:43:57 IST" name="ChromeTest" finished-at="2026-02-01T22:44:10 IST" duration-ms="12497">
      <class name="tests.GoogleTest">
        <test-method is-config="true" signature="setup(java.lang.String)[pri:0, instance:tests.GoogleTest@437da279]" started-at="2026-02-01T22:43:57 IST" name="setup" finished-at="2026-02-01T22:44:05 IST" duration-ms="7796" status="PASS">
          <params>
            <param index="0">
              <value>
                <![CDATA[chrome]]>
              </value>
            </param>
          </params>
          <reporter-output>
          </reporter-output>
        </test-method> <!-- setup -->
        <test-method signature="openGoogle()[pri:0, instance:tests.GoogleTest@437da279]" started-at="2026-02-01T22:44:05 IST" name="openGoogle" finished-at="2026-02-01T22:44:09 IST" duration-ms="4198" status="PASS">
          <reporter-output>
          </reporter-output>
        </test-method> <!-- openGoogle -->
        <test-method is-config="true" signature="tearDown()[pri:0, instance:tests.GoogleTest@437da279]" started-at="2026-02-01T22:44:09 IST" name="tearDown" finished-at="2026-02-01T22:44:10 IST" duration-ms="402" status="PASS">
          <reporter-output>
          </reporter-output>
        </test-method> <!-- tearDown -->
      </class> <!-- tests.GoogleTest -->
    </test> <!-- ChromeTest -->
    <test started-at="2026-02-01T22:43:57 IST" name="FirefoxTest" finished-at="2026-02-01T22:44:16 IST" duration-ms="18786">
      <class name="tests.GoogleTest">
        <test-method is-config="true" signature="setup(java.lang.String)[pri:0, instance:tests.GoogleTest@15bb5034]" started-at="2026-02-01T22:43:57 IST" name="setup" finished-at="2026-02-01T22:44:11 IST" duration-ms="14231" status="PASS">
          <params>
            <param index="0">
              <value>
                <![CDATA[firefox]]>
              </value>
            </param>
          </params>
          <reporter-output>
          </reporter-output>
        </test-method> <!-- setup -->
        <test-method signature="openGoogle()[pri:0, instance:tests.GoogleTest@15bb5034]" started-at="2026-02-01T22:44:11 IST" name="openGoogle" finished-at="2026-02-01T22:44:14 IST" duration-ms="2740" status="PASS">
          <reporter-output>
          </reporter-output>
        </test-method> <!-- openGoogle -->
        <test-method is-config="true" signature="tearDown()[pri:0, instance:tests.GoogleTest@15bb5034]" started-at="2026-02-01T22:44:14 IST" name="tearDown" finished-at="2026-02-01T22:44:16 IST" duration-ms="1708" status="PASS">
          <reporter-output>
          </reporter-output>
        </test-method> <!-- tearDown -->
      </class> <!-- tests.GoogleTest -->
    </test> <!-- FirefoxTest -->
  </suite> <!-- GridSuite -->
</testng-results>
